*   7cd7389 Merge branch 'mergingDB'
|\  
| * a332951 feat: Refactor patient schema by removing `present` and `block` fields, update mock data to use numeric blocks, and simplify `updatePatientPresentStatus` mutation.
| * 1a75b06 feat: Implement patient queueing and chair management, refactoring patient data to use a new forms system.
| * e8f54c8 feat: Add clinicName, schedule, shift, and type fields to the meeting schema and creation mutation.
* | 39ac01e feat: Refactor patient schema by removing `present` and `block` fields, update mock data to use numeric blocks, and simplify `updatePatientPresentStatus` mutation.
* | 7a88332 feat: Implement patient queueing and chair management, refactoring patient data to use a new forms system.
|/  
* 9c22bf7 feat: Implement patient block management with queue filtering and search, and refactor dashboard components and Convex API calls.
* 67522b1 refactor: centralize patient form management into a new `forms` module and API, and move patient presence updates to the `meetings` module.
* 924a854 feat: Streamline Clinic History form by removing general patient data, age, and sex fields, and refactoring thrombosis input.
* 403d25d feat: Refactor patient data schemas and forms with new critical and general info, add clinic management, and remove offline service.
diff --git c/convex/meetings.ts w/convex/meetings.ts
index 500ba30..0c80b8f 100644
--- c/convex/meetings.ts
+++ w/convex/meetings.ts
@@ -11,6 +11,10 @@ export const createOrUpdate = mutation({
         chairId: v.optional(v.string()),
         weight: v.optional(v.object({ pre: v.string(), post: v.string() })),
         condition: v.optional(v.string()),
+        clinicName: v.optional(v.string()),
+        schedule: v.optional(v.string()),
+        shift: v.optional(v.string()),
+        type: v.optional(v.string()),
         patientCardData: v.optional(v.object({
             elderly80_90: v.boolean(),
             malnutrition: v.boolean(),
@@ -40,6 +44,10 @@ export const createOrUpdate = mutation({
             chairId: args.chairId,
             weight: args.weight,
             condition: args.condition,
+            clinicName: args.clinicName,
+            schedule: args.schedule,
+            shift: args.shift,
+            type: args.type,
             patientCardData: args.patientCardData,
         });
         return id;
@@ -92,7 +100,11 @@ export const getQueue = query({
                     .order("desc")
                     .first();
 
+<<<<<<< HEAD
                 const block = patientData.block || 3; // Default to last block if missing
+=======
+                const block = patientData.block || "3"; // Default to last block if missing
+>>>>>>> 1a75b06 (feat: Implement patient queueing and chair management, refactoring patient data to use a new forms system.)
 
                 // Check if they are currently assigned to a chair
                 const isAssigned = lastMeeting?.chairId != null;
@@ -114,7 +126,11 @@ export const getQueue = query({
         const blocks = { "1": [], "2": [], "3": [] } as Record<string, typeof validPatients>;
 
         validPatients.forEach(p => {
+<<<<<<< HEAD
             const b = String(p!.block);
+=======
+            const b = p!.block as string;
+>>>>>>> 1a75b06 (feat: Implement patient queueing and chair management, refactoring patient data to use a new forms system.)
             if (blocks[b]) {
                 blocks[b].push(p);
             } else {
@@ -159,8 +175,100 @@ export const markPresent = mutation({
             .withIndex("by_user", (q) => q.eq("userId", args.patientId))
             .unique();
 
+<<<<<<< HEAD
         if (patientData) {
             await ctx.db.patch(patientData._id, { present: args.present });
         }
+=======
+        const existingMeeting = await ctx.db
+            .query("meetings")
+            .order("desc")
+            .take(100); // Reasonable limit for now
+
+        const today = new Date().toISOString().split('T')[0];
+
+        const activeMeetings = meetings.filter(m =>
+            m.date.startsWith(today) &&
+            m.chairId !== undefined &&
+            m.chairId !== null
+        );
+
+        // Fetch user details for these meetings
+        const chairsWithPatients = await Promise.all(
+            activeMeetings.map(async (m) => {
+                if (!m.patientId) return null;
+                const user = await ctx.db.get(m.patientId);
+                const patientData = await ctx.db
+                    .query("patients")
+                    .withIndex("by_user", (q) => q.eq("userId", m.patientId!))
+                    .unique();
+
+                if (!user) return null;
+
+                return {
+                    chairId: m.chairId, // "0", "1", etc. (index as string)
+                    patient: {
+                        _id: user._id,
+                        id: user._id,
+                        name: user.firstName && user.lastName
+                            ? `${user.firstName} ${user.lastName}`
+                            : "Unknown",
+                        priority: patientData?.priority || "stable",
+                        alert: patientData?.alert,
+                        chairNumber: String(Number(m.chairId) + 1).padStart(2, "0")
+                    }
+                };
+            })
+        );
+
+        // Fetch chair statuses
+        const chairStatuses = await ctx.db.query("chairs").collect();
+        const cleaningMap = new Map();
+
+        chairStatuses.forEach(c => {
+            if (c.status === "cleaning") {
+                cleaningMap.set(c.chairId, c);
+            }
+        });
+
+        // Combine logic: 
+        // We need to return an array that the frontend can map to 12 chairs.
+        // The frontend currently expects an array of active meetings/assignments.
+        // We should enrich this or return a full 12-item array if possible, 
+        // but to minimize frontend breakage, let's just piggyback on the existing structure 
+        // OR add a new return field. 
+
+        // Let's modify the return to include 'cleaning' chairs as pseudo-patients or a separate list?
+        // The frontend iterates `chairs` array (derived from dailyChairsQuery).
+
+        // Let's allow the query to return "cleaning" as a patient-like object with priority="cleaning"
+        // This matches how the frontend currently handles local state.
+
+        const combinedResult = [...chairsWithPatients.filter(Boolean)];
+
+        cleaningMap.forEach((chairData, chairId) => {
+            // Only add if not already occupied (though it shouldn't be if logic is correct)
+            // If a chair is cleaning, it shouldn't have an active meeting ideally.
+            // Check if this chairId is already in combinedResult
+            const isOccupied = combinedResult.some((item: any) => item.chairId === chairId);
+
+            if (!isOccupied) {
+                combinedResult.push({
+                    chairId: chairId,
+                    patient: {
+                        _id: "cleaning-" + chairId,
+                        id: "cleaning-" + chairId,
+                        name: "Cleaning Required",
+                        priority: "cleaning",
+                        alert: "Needs disinfection",
+                        chairNumber: String(Number(chairId) + 1).padStart(2, "0"),
+                        startTime: chairData.startTime // Pass this for "how long"
+                    } as any
+                });
+            }
+        });
+
+        return combinedResult;
+>>>>>>> 1a75b06 (feat: Implement patient queueing and chair management, refactoring patient data to use a new forms system.)
     }
 });
diff --git c/convex/schema.ts w/convex/schema.ts
index 0b7264a..a3df2a1 100644
--- c/convex/schema.ts
+++ w/convex/schema.ts
@@ -23,6 +23,8 @@ export default defineSchema({
     patients: defineTable({
         userId: v.id("users"), // Link config
         // Patient specific fields
+        present: v.optional(v.boolean()), // checked in / in building
+        block: v.optional(v.string()), // block 1, 2, 3
         priority: v.optional(v.string()), // critical, warning, stable
         condition: v.optional(v.string()), // critical, warning, stable (sync with priority if needed, but keeping separate for form)
 
@@ -68,11 +70,20 @@ export default defineSchema({
         status: v.string(),
         title: v.string(),
         patientId: v.optional(v.id("users")), // Made optional to support legacy/empty meetings
+<<<<<<< HEAD
         chairId: v.optional(v.string()),
+=======
+        clinicId: v.optional(v.string()), // New field
+        chairId: v.optional(v.string()), // Store chair number/ID
+>>>>>>> 1a75b06 (feat: Implement patient queueing and chair management, refactoring patient data to use a new forms system.)
         weight: v.optional(v.object({ pre: v.string(), post: v.string() })),
         condition: v.optional(v.string()),
         block: v.optional(v.number()), // Indicates what block they attended
         clinicId: v.optional(v.id("clinics")), // Indicates which hospital they are in
+        clinicName: v.optional(v.string()),
+        schedule: v.optional(v.string()),
+        shift: v.optional(v.string()),
+        type: v.optional(v.string()),
         // Snapshot of patient card at the time of meeting
         patientCardData: v.optional(v.object({
             elderly80_90: v.boolean(),
diff --git c/convex/seed.ts w/convex/seed.ts
index db380b7..b6d6d68 100644
--- c/convex/seed.ts
+++ w/convex/seed.ts
@@ -209,6 +209,7 @@ export const seedClinicsAndMeetings = mutation({
 });
 
 const MOCK_PATIENTS_WITH_BLOCKS = [
+<<<<<<< HEAD
     { name: "Juan Perez", priority: "critical", alert: "Blood pressure drop", block: 1 },
     { name: "Maria Garcia", priority: "warning", alert: "Tx time exceeded", block: 1 },
     { name: "Carlos Rodriguez", priority: "stable", alert: null, block: 1 },
@@ -219,6 +220,18 @@ const MOCK_PATIENTS_WITH_BLOCKS = [
     { name: "Sofia Ramirez", priority: "stable", alert: null, block: 3 },
     { name: "Diego Lopez", priority: "critical", alert: "Low sat", block: 3 },
     { name: "Lucia Fernandez", priority: "stable", alert: null, block: 3 },
+=======
+    { name: "Juan Perez", priority: "critical", alert: "Blood pressure drop", block: "1" },
+    { name: "Maria Garcia", priority: "warning", alert: "Tx time exceeded", block: "1" },
+    { name: "Carlos Rodriguez", priority: "stable", alert: null, block: "1" },
+    { name: "Ana Martinez", priority: "stable", alert: null, block: "2" },
+    { name: "Luis Hernandez", priority: "stable", alert: null, block: "2" },
+    { name: "Elena Gomez", priority: "stable", alert: null, block: "2" },
+    { name: "Miguel Torres", priority: "warning", alert: "High HR", block: "3" },
+    { name: "Sofia Ramirez", priority: "stable", alert: null, block: "3" },
+    { name: "Diego Lopez", priority: "critical", alert: "Low sat", block: "3" },
+    { name: "Lucia Fernandez", priority: "stable", alert: null, block: "3" },
+>>>>>>> 1a75b06 (feat: Implement patient queueing and chair management, refactoring patient data to use a new forms system.)
 ];
 
 export const seedQueuePatients = mutation({
diff --git c/test.js w/test.js
new file mode 100644
index 0000000..0ff3cfb
--- /dev/null
+++ w/test.js
@@ -0,0 +1,2 @@
+const today = new Date().toISOString().split("T")[0];
+console.log(today);
